<?xml version="1.0" encoding="UTF-8"?>
<!-- Generated by org.testng.reporters.JUnitReportReporter -->
<testsuite hostname="IND-MAC-6XMD6M.local" failures="0" tests="1" name="com.org.testvagrant.RCBTest.AppTest" time="0.015" errors="0" timestamp="2022-11-01T16:09:22 IST" skipped="0">
  <testcase classname="com.org.testvagrant.RCBTest.AppTest" name="foreignPlayersTest" time="0.015"/>
  <system-out/>
</testsuite> <!-- com.org.testvagrant.RCBTest.AppTest -->
