<?xml version="1.0" encoding="UTF-8"?>
<!-- Generated by org.testng.reporters.JUnitReportReporter -->
<testsuite hostname="IND-MAC-6XMD6M.local" failures="0" tests="2" name="com.org.testvagrant.RCBTest.RcbTest" time="0.012" errors="0" timestamp="2022-11-05T14:50:42 IST" skipped="0">
  <testcase classname="com.org.testvagrant.RCBTest.RcbTest" name="foreignPlayersTest" time="0.011"/>
  <system-out/>
  <testcase classname="com.org.testvagrant.RCBTest.RcbTest" name="wicketKeeperTest" time="0.001"/>
  <system-out/>
</testsuite> <!-- com.org.testvagrant.RCBTest.RcbTest -->
