<?xml version="1.0" encoding="UTF-8"?>
<!-- Generated by org.testng.reporters.JUnitReportReporter -->
<testsuite hostname="IND-MAC-6XMD6M.local" failures="0" tests="2" name="tests.RcbTest" time="0.013" errors="0" timestamp="2022-11-05T14:53:32 IST" skipped="0">
  <testcase classname="tests.RcbTest" name="foreignPlayersTest" time="0.012"/>
  <system-out/>
  <testcase classname="tests.RcbTest" name="wicketKeeperTest" time="0.001"/>
  <system-out/>
</testsuite> <!-- tests.RcbTest -->
